<?xml version="1.0" encoding="UTF-8"?>
<!-- Generated by org.testng.reporters.JUnitReportReporter -->
<testsuite hostname="qainfotech-HP-Pro-3090-Microtower-PC" name="com.qait.GoogleMaps.AppTest" tests="1" failures="0" timestamp="11 Apr 2019 11:01:34 GMT" time="1.475" errors="0">
  <testcase name="Test01_Map" time="1.475" classname="com.qait.GoogleMaps.AppTest"/>
</testsuite> <!-- com.qait.GoogleMaps.AppTest -->
